<?xml version="1.0" encoding="UTF-8"?>
<testsuite xmlns:xsi="http://www.w3.org/2001/XMLSchema-instance" xsi:noNamespaceSchemaLocation="https://maven.apache.org/surefire/maven-surefire-plugin/xsd/surefire-test-report.xsd" name="TestBoard" time="0.012" tests="3" errors="0" skipped="0" failures="0">
  <properties>
[...]
</properties>
  <testcase name="testEmptyList" classname="TestBoard" time="0.005"/>
  <testcase name="testSpecificCase" classname="TestBoard" time="0.001"/>
  <testcase name="testStartState" classname="TestBoard" time="0.001"/>
</testsuite>